#! /c/Source/iverilog-install/bin/vvp
:ivl_version "12.0 (devel)" "(s20150603-1539-g2693dd32b)";
:ivl_delay_selection "TYPICAL";
:vpi_time_precision - 12;
:vpi_module "C:\iverilog\lib\ivl\system.vpi";
:vpi_module "C:\iverilog\lib\ivl\vhdl_sys.vpi";
:vpi_module "C:\iverilog\lib\ivl\vhdl_textio.vpi";
:vpi_module "C:\iverilog\lib\ivl\v2005_math.vpi";
:vpi_module "C:\iverilog\lib\ivl\va_math.vpi";
S_000001e425a0b310 .scope module, "tb_vending_mealy" "tb_vending_mealy" 2 2;
 .timescale -9 -12;
v000001e425ab8d10_0 .net "chg5", 0 0, v000001e425a4d610_0;  1 drivers
v000001e425aba390_0 .var "clk", 0 0;
v000001e425ab9850_0 .var "coin", 1 0;
v000001e425ab89f0_0 .net "dispense", 0 0, v000001e425a4da70_0;  1 drivers
v000001e425ab9a30_0 .var "rst", 0 0;
S_000001e425a4bd40 .scope module, "dut" "vending_mealy" 2 7, 3 4 0, S_000001e425a0b310;
 .timescale 0 0;
    .port_info 0 /INPUT 1 "clk";
    .port_info 1 /INPUT 1 "rst";
    .port_info 2 /INPUT 2 "coin";
    .port_info 3 /OUTPUT 1 "dispense";
    .port_info 4 /OUTPUT 1 "chg5";
P_000001e425a0b6b0 .param/l "S0" 1 3 11, C4<00>;
P_000001e425a0b6e8 .param/l "S10" 1 3 13, C4<10>;
P_000001e425a0b720 .param/l "S15" 1 3 14, C4<11>;
P_000001e425a0b758 .param/l "S5" 1 3 12, C4<01>;
L_000001e425a64e30 .functor OR 1, L_000001e425ab8e50, L_000001e425ab9490, C4<0>, C4<0>;
L_000001e425aba878 .functor BUFT 1, C4<01>, C4<0>, C4<0>, C4<0>;
v000001e425a4d430_0 .net/2u *"_ivl_0", 1 0, L_000001e425aba878;  1 drivers
v000001e425a4d6b0_0 .net *"_ivl_10", 0 0, L_000001e425ab8e50;  1 drivers
L_000001e425aba950 .functor BUFT 1, C4<11>, C4<0>, C4<0>, C4<0>;
v000001e425a4d750_0 .net/2u *"_ivl_12", 1 0, L_000001e425aba950;  1 drivers
v000001e425a4d930_0 .net *"_ivl_14", 0 0, L_000001e425ab9490;  1 drivers
L_000001e425aba8c0 .functor BUFT 1, C4<10>, C4<0>, C4<0>, C4<0>;
v000001e425a4d4d0_0 .net/2u *"_ivl_4", 1 0, L_000001e425aba8c0;  1 drivers
L_000001e425aba908 .functor BUFT 1, C4<00>, C4<0>, C4<0>, C4<0>;
v000001e425a4d7f0_0 .net/2u *"_ivl_8", 1 0, L_000001e425aba908;  1 drivers
v000001e425a4d610_0 .var "chg5", 0 0;
v000001e425a4d890_0 .net "clk", 0 0, v000001e425aba390_0;  1 drivers
v000001e425a4d9d0_0 .net "coin", 1 0, v000001e425ab9850_0;  1 drivers
v000001e425a4da70_0 .var "dispense", 0 0;
v000001e425a4d570_0 .net "idle", 0 0, L_000001e425a64e30;  1 drivers
v000001e425a4db10_0 .net "is10", 0 0, L_000001e425ab9ad0;  1 drivers
v000001e425aba610_0 .net "is5", 0 0, L_000001e425ab8950;  1 drivers
v000001e425ab9530_0 .var "next_state", 1 0;
v000001e425ab97b0_0 .net "rst", 0 0, v000001e425ab9a30_0;  1 drivers
v000001e425aba070_0 .var "state", 1 0;
E_000001e425a4b660 .event posedge, v000001e425a4d890_0;
E_000001e425a4af20 .event anyedge, v000001e425aba070_0, v000001e425aba610_0, v000001e425a4db10_0;
L_000001e425ab8950 .cmp/eq 2, v000001e425ab9850_0, L_000001e425aba878;
L_000001e425ab9ad0 .cmp/eq 2, v000001e425ab9850_0, L_000001e425aba8c0;
L_000001e425ab8e50 .cmp/eq 2, v000001e425ab9850_0, L_000001e425aba908;
L_000001e425ab9490 .cmp/eq 2, v000001e425ab9850_0, L_000001e425aba950;
S_000001e425a4b7e0 .scope task, "put10" "put10" 2 17, 2 17 0, S_000001e425a0b310;
 .timescale -9 -12;
E_000001e425a4ab60 .event negedge, v000001e425a4d890_0;
TD_tb_vending_mealy.put10 ;
    %wait E_000001e425a4ab60;
    %pushi/vec4 2, 0, 2;
    %store/vec4 v000001e425ab9850_0, 0, 2;
    %wait E_000001e425a4b660;
    %wait E_000001e425a4ab60;
    %pushi/vec4 0, 0, 2;
    %store/vec4 v000001e425ab9850_0, 0, 2;
    %end;
S_000001e425a4dbf0 .scope task, "put5" "put5" 2 11, 2 11 0, S_000001e425a0b310;
 .timescale -9 -12;
TD_tb_vending_mealy.put5 ;
    %wait E_000001e425a4ab60;
    %pushi/vec4 1, 0, 2;
    %store/vec4 v000001e425ab9850_0, 0, 2;
    %wait E_000001e425a4b660;
    %wait E_000001e425a4ab60;
    %pushi/vec4 0, 0, 2;
    %store/vec4 v000001e425ab9850_0, 0, 2;
    %end;
    .scope S_000001e425a4bd40;
T_2 ;
    %wait E_000001e425a4af20;
    %load/vec4 v000001e425aba070_0;
    %store/vec4 v000001e425ab9530_0, 0, 2;
    %load/vec4 v000001e425aba070_0;
    %dup/vec4;
    %pushi/vec4 0, 0, 2;
    %cmp/u;
    %jmp/1 T_2.0, 6;
    %dup/vec4;
    %pushi/vec4 1, 0, 2;
    %cmp/u;
    %jmp/1 T_2.1, 6;
    %dup/vec4;
    %pushi/vec4 2, 0, 2;
    %cmp/u;
    %jmp/1 T_2.2, 6;
    %dup/vec4;
    %pushi/vec4 3, 0, 2;
    %cmp/u;
    %jmp/1 T_2.3, 6;
    %pushi/vec4 0, 0, 2;
    %store/vec4 v000001e425ab9530_0, 0, 2;
    %jmp T_2.5;
T_2.0 ;
    %load/vec4 v000001e425aba610_0;
    %flag_set/vec4 8;
    %jmp/0xz  T_2.6, 8;
    %pushi/vec4 1, 0, 2;
    %store/vec4 v000001e425ab9530_0, 0, 2;
    %jmp T_2.7;
T_2.6 ;
    %load/vec4 v000001e425a4db10_0;
    %flag_set/vec4 8;
    %jmp/0xz  T_2.8, 8;
    %pushi/vec4 2, 0, 2;
    %store/vec4 v000001e425ab9530_0, 0, 2;
T_2.8 ;
T_2.7 ;
    %jmp T_2.5;
T_2.1 ;
    %load/vec4 v000001e425aba610_0;
    %flag_set/vec4 8;
    %jmp/0xz  T_2.10, 8;
    %pushi/vec4 2, 0, 2;
    %store/vec4 v000001e425ab9530_0, 0, 2;
    %jmp T_2.11;
T_2.10 ;
    %load/vec4 v000001e425a4db10_0;
    %flag_set/vec4 8;
    %jmp/0xz  T_2.12, 8;
    %pushi/vec4 3, 0, 2;
    %store/vec4 v000001e425ab9530_0, 0, 2;
T_2.12 ;
T_2.11 ;
    %jmp T_2.5;
T_2.2 ;
    %load/vec4 v000001e425aba610_0;
    %flag_set/vec4 8;
    %jmp/0xz  T_2.14, 8;
    %pushi/vec4 3, 0, 2;
    %store/vec4 v000001e425ab9530_0, 0, 2;
    %jmp T_2.15;
T_2.14 ;
    %load/vec4 v000001e425a4db10_0;
    %flag_set/vec4 8;
    %jmp/0xz  T_2.16, 8;
    %pushi/vec4 0, 0, 2;
    %store/vec4 v000001e425ab9530_0, 0, 2;
T_2.16 ;
T_2.15 ;
    %jmp T_2.5;
T_2.3 ;
    %load/vec4 v000001e425aba610_0;
    %flag_set/vec4 8;
    %jmp/0xz  T_2.18, 8;
    %pushi/vec4 0, 0, 2;
    %store/vec4 v000001e425ab9530_0, 0, 2;
    %jmp T_2.19;
T_2.18 ;
    %load/vec4 v000001e425a4db10_0;
    %flag_set/vec4 8;
    %jmp/0xz  T_2.20, 8;
    %pushi/vec4 0, 0, 2;
    %store/vec4 v000001e425ab9530_0, 0, 2;
T_2.20 ;
T_2.19 ;
    %jmp T_2.5;
T_2.5 ;
    %pop/vec4 1;
    %jmp T_2;
    .thread T_2, $push;
    .scope S_000001e425a4bd40;
T_3 ;
    %wait E_000001e425a4b660;
    %load/vec4 v000001e425ab97b0_0;
    %flag_set/vec4 8;
    %jmp/0xz  T_3.0, 8;
    %pushi/vec4 0, 0, 2;
    %assign/vec4 v000001e425aba070_0, 0;
    %pushi/vec4 0, 0, 1;
    %assign/vec4 v000001e425a4da70_0, 0;
    %pushi/vec4 0, 0, 1;
    %assign/vec4 v000001e425a4d610_0, 0;
    %jmp T_3.1;
T_3.0 ;
    %pushi/vec4 0, 0, 1;
    %assign/vec4 v000001e425a4da70_0, 0;
    %pushi/vec4 0, 0, 1;
    %assign/vec4 v000001e425a4d610_0, 0;
    %load/vec4 v000001e425aba070_0;
    %dup/vec4;
    %pushi/vec4 2, 0, 2;
    %cmp/u;
    %jmp/1 T_3.2, 6;
    %dup/vec4;
    %pushi/vec4 3, 0, 2;
    %cmp/u;
    %jmp/1 T_3.3, 6;
    %jmp T_3.4;
T_3.2 ;
    %load/vec4 v000001e425a4db10_0;
    %flag_set/vec4 8;
    %jmp/0xz  T_3.5, 8;
    %pushi/vec4 1, 0, 1;
    %assign/vec4 v000001e425a4da70_0, 0;
T_3.5 ;
    %jmp T_3.4;
T_3.3 ;
    %load/vec4 v000001e425aba610_0;
    %flag_set/vec4 8;
    %jmp/0xz  T_3.7, 8;
    %pushi/vec4 1, 0, 1;
    %assign/vec4 v000001e425a4da70_0, 0;
    %jmp T_3.8;
T_3.7 ;
    %load/vec4 v000001e425a4db10_0;
    %flag_set/vec4 8;
    %jmp/0xz  T_3.9, 8;
    %pushi/vec4 1, 0, 1;
    %assign/vec4 v000001e425a4da70_0, 0;
    %pushi/vec4 1, 0, 1;
    %assign/vec4 v000001e425a4d610_0, 0;
T_3.9 ;
T_3.8 ;
    %jmp T_3.4;
T_3.4 ;
    %pop/vec4 1;
    %load/vec4 v000001e425ab9530_0;
    %assign/vec4 v000001e425aba070_0, 0;
T_3.1 ;
    %jmp T_3;
    .thread T_3;
    .scope S_000001e425a0b310;
T_4 ;
    %pushi/vec4 0, 0, 1;
    %store/vec4 v000001e425aba390_0, 0, 1;
    %pushi/vec4 1, 0, 1;
    %store/vec4 v000001e425ab9a30_0, 0, 1;
    %pushi/vec4 0, 0, 2;
    %store/vec4 v000001e425ab9850_0, 0, 2;
    %end;
    .thread T_4;
    .scope S_000001e425a0b310;
T_5 ;
    %delay 5000, 0;
    %load/vec4 v000001e425aba390_0;
    %inv;
    %store/vec4 v000001e425aba390_0, 0, 1;
    %jmp T_5;
    .thread T_5;
    .scope S_000001e425a0b310;
T_6 ;
    %vpi_call 2 24 "$dumpfile", "dump.vcd" {0 0 0};
    %vpi_call 2 25 "$dumpvars", 32'sb00000000000000000000000000000000, S_000001e425a0b310 {0 0 0};
    %pushi/vec4 3, 0, 32;
T_6.0 %dup/vec4;
    %pushi/vec4 0, 0, 32;
    %cmp/s;
    %jmp/1xz T_6.1, 5;
    %jmp/1 T_6.1, 4;
    %pushi/vec4 1, 0, 32;
    %sub;
    %wait E_000001e425a4b660;
    %jmp T_6.0;
T_6.1 ;
    %pop/vec4 1;
    %pushi/vec4 0, 0, 1;
    %store/vec4 v000001e425ab9a30_0, 0, 1;
    %fork TD_tb_vending_mealy.put10, S_000001e425a4b7e0;
    %join;
    %load/vec4 v000001e425ab89f0_0;
    %flag_set/vec4 8;
    %jmp/0xz  T_6.2, 8;
    %vpi_call 2 30 "$display", "Unexpected vend early" {0 0 0};
T_6.2 ;
    %fork TD_tb_vending_mealy.put10, S_000001e425a4b7e0;
    %join;
    %wait E_000001e425a4b660;
    %load/vec4 v000001e425ab89f0_0;
    %flag_set/vec4 9;
    %flag_get/vec4 9;
    %jmp/0 T_6.6, 9;
    %load/vec4 v000001e425ab8d10_0;
    %nor/r;
    %and;
T_6.6;
    %flag_set/vec4 8;
    %jmp/0xz  T_6.4, 8;
    %vpi_call 2 32 "$display", "%0t ns: VEND (20)", $time {0 0 0};
T_6.4 ;
    %fork TD_tb_vending_mealy.put5, S_000001e425a4dbf0;
    %join;
    %fork TD_tb_vending_mealy.put5, S_000001e425a4dbf0;
    %join;
    %fork TD_tb_vending_mealy.put10, S_000001e425a4b7e0;
    %join;
    %wait E_000001e425a4b660;
    %load/vec4 v000001e425ab89f0_0;
    %flag_set/vec4 9;
    %flag_get/vec4 9;
    %jmp/0 T_6.9, 9;
    %load/vec4 v000001e425ab8d10_0;
    %nor/r;
    %and;
T_6.9;
    %flag_set/vec4 8;
    %jmp/0xz  T_6.7, 8;
    %vpi_call 2 36 "$display", "%0t ns: VEND (20)", $time {0 0 0};
T_6.7 ;
    %fork TD_tb_vending_mealy.put10, S_000001e425a4b7e0;
    %join;
    %fork TD_tb_vending_mealy.put5, S_000001e425a4dbf0;
    %join;
    %fork TD_tb_vending_mealy.put10, S_000001e425a4b7e0;
    %join;
    %wait E_000001e425a4b660;
    %load/vec4 v000001e425ab89f0_0;
    %flag_set/vec4 9;
    %flag_get/vec4 9;
    %jmp/0 T_6.12, 9;
    %load/vec4 v000001e425ab8d10_0;
    %and;
T_6.12;
    %flag_set/vec4 8;
    %jmp/0xz  T_6.10, 8;
    %vpi_call 2 40 "$display", "%0t ns: VEND (25) + CHANGE 5", $time {0 0 0};
T_6.10 ;
    %wait E_000001e425a4ab60;
    %pushi/vec4 3, 0, 2;
    %store/vec4 v000001e425ab9850_0, 0, 2;
    %wait E_000001e425a4b660;
    %wait E_000001e425a4ab60;
    %pushi/vec4 0, 0, 2;
    %store/vec4 v000001e425ab9850_0, 0, 2;
    %delay 50000, 0;
    %vpi_call 2 45 "$finish" {0 0 0};
    %end;
    .thread T_6;
# The file index is used to find the file name in the following table.
:file_names 4;
    "N/A";
    "<interactive>";
    "tb_vending_mealy.v";
    "vending_mealy.v";
