#! /c/Source/iverilog-install/bin/vvp
:ivl_version "12.0 (devel)" "(s20150603-1539-g2693dd32b)";
:ivl_delay_selection "TYPICAL";
:vpi_time_precision - 12;
:vpi_module "C:\iverilog\lib\ivl\system.vpi";
:vpi_module "C:\iverilog\lib\ivl\vhdl_sys.vpi";
:vpi_module "C:\iverilog\lib\ivl\vhdl_textio.vpi";
:vpi_module "C:\iverilog\lib\ivl\v2005_math.vpi";
:vpi_module "C:\iverilog\lib\ivl\va_math.vpi";
S_000002458c01bca0 .scope module, "tb_seq_detect_mealy" "tb_seq_detect_mealy" 2 2;
 .timescale -9 -12;
v000002458bf518c0_0 .var "clk", 0 0;
v000002458bf51960_0 .var/i "detects", 31 0;
v000002458bf51a00_0 .var "din", 0 0;
v000002458bf51aa0_0 .var/i "i", 31 0;
v000002458bf51b40_0 .var "rst", 0 0;
v000002458bf51be0_0 .var "stream", 10 0;
v000002458bf51c80_0 .net "y", 0 0, v000002458bf57840_0;  1 drivers
S_000002458c01be30 .scope module, "dut" "seq_detect_mealy" 2 7, 3 1 0, S_000002458c01bca0;
 .timescale 0 0;
    .port_info 0 /INPUT 1 "clk";
    .port_info 1 /INPUT 1 "rst";
    .port_info 2 /INPUT 1 "din";
    .port_info 3 /OUTPUT 1 "y";
P_000002458bf57570 .param/l "S0" 1 3 7, C4<00>;
P_000002458bf575a8 .param/l "S1" 1 3 8, C4<01>;
P_000002458bf575e0 .param/l "S11" 1 3 9, C4<10>;
P_000002458bf57618 .param/l "S110" 1 3 10, C4<11>;
v000002458c019470_0 .net "clk", 0 0, v000002458bf518c0_0;  1 drivers
v000002458c016410_0 .net "din", 0 0, v000002458bf51a00_0;  1 drivers
v000002458bf57660_0 .var "next_state", 1 0;
v000002458bf57700_0 .net "rst", 0 0, v000002458bf51b40_0;  1 drivers
v000002458bf577a0_0 .var "state", 1 0;
v000002458bf57840_0 .var "y", 0 0;
E_000002458bf49ca0 .event posedge, v000002458c019470_0;
E_000002458bf49a60 .event anyedge, v000002458bf577a0_0, v000002458c016410_0;
S_000002458bf51730 .scope task, "send" "send" 2 11, 2 11 0, S_000002458c01bca0;
 .timescale -9 -12;
v000002458bf578e0_0 .var "b", 0 0;
E_000002458bf49560 .event negedge, v000002458c019470_0;
TD_tb_seq_detect_mealy.send ;
    %wait E_000002458bf49560;
    %load/vec4 v000002458bf578e0_0;
    %store/vec4 v000002458bf51a00_0, 0, 1;
    %wait E_000002458bf49ca0;
    %end;
    .scope S_000002458c01be30;
T_1 ;
    %wait E_000002458bf49a60;
    %load/vec4 v000002458bf577a0_0;
    %dup/vec4;
    %pushi/vec4 0, 0, 2;
    %cmp/u;
    %jmp/1 T_1.0, 6;
    %dup/vec4;
    %pushi/vec4 1, 0, 2;
    %cmp/u;
    %jmp/1 T_1.1, 6;
    %dup/vec4;
    %pushi/vec4 2, 0, 2;
    %cmp/u;
    %jmp/1 T_1.2, 6;
    %dup/vec4;
    %pushi/vec4 3, 0, 2;
    %cmp/u;
    %jmp/1 T_1.3, 6;
    %pushi/vec4 0, 0, 2;
    %store/vec4 v000002458bf57660_0, 0, 2;
    %jmp T_1.5;
T_1.0 ;
    %load/vec4 v000002458c016410_0;
    %flag_set/vec4 8;
    %jmp/0 T_1.6, 8;
    %pushi/vec4 1, 0, 2;
    %jmp/1 T_1.7, 8;
T_1.6 ; End of true expr.
    %pushi/vec4 0, 0, 2;
    %jmp/0 T_1.7, 8;
 ; End of false expr.
    %blend;
T_1.7;
    %store/vec4 v000002458bf57660_0, 0, 2;
    %jmp T_1.5;
T_1.1 ;
    %load/vec4 v000002458c016410_0;
    %flag_set/vec4 8;
    %jmp/0 T_1.8, 8;
    %pushi/vec4 2, 0, 2;
    %jmp/1 T_1.9, 8;
T_1.8 ; End of true expr.
    %pushi/vec4 0, 0, 2;
    %jmp/0 T_1.9, 8;
 ; End of false expr.
    %blend;
T_1.9;
    %store/vec4 v000002458bf57660_0, 0, 2;
    %jmp T_1.5;
T_1.2 ;
    %load/vec4 v000002458c016410_0;
    %flag_set/vec4 8;
    %jmp/0 T_1.10, 8;
    %pushi/vec4 2, 0, 2;
    %jmp/1 T_1.11, 8;
T_1.10 ; End of true expr.
    %pushi/vec4 3, 0, 2;
    %jmp/0 T_1.11, 8;
 ; End of false expr.
    %blend;
T_1.11;
    %store/vec4 v000002458bf57660_0, 0, 2;
    %jmp T_1.5;
T_1.3 ;
    %load/vec4 v000002458c016410_0;
    %flag_set/vec4 8;
    %jmp/0 T_1.12, 8;
    %pushi/vec4 1, 0, 2;
    %jmp/1 T_1.13, 8;
T_1.12 ; End of true expr.
    %pushi/vec4 0, 0, 2;
    %jmp/0 T_1.13, 8;
 ; End of false expr.
    %blend;
T_1.13;
    %store/vec4 v000002458bf57660_0, 0, 2;
    %jmp T_1.5;
T_1.5 ;
    %pop/vec4 1;
    %jmp T_1;
    .thread T_1, $push;
    .scope S_000002458c01be30;
T_2 ;
    %wait E_000002458bf49ca0;
    %load/vec4 v000002458bf57700_0;
    %flag_set/vec4 8;
    %jmp/0xz  T_2.0, 8;
    %pushi/vec4 0, 0, 2;
    %assign/vec4 v000002458bf577a0_0, 0;
    %pushi/vec4 0, 0, 1;
    %assign/vec4 v000002458bf57840_0, 0;
    %jmp T_2.1;
T_2.0 ;
    %pushi/vec4 0, 0, 1;
    %assign/vec4 v000002458bf57840_0, 0;
    %load/vec4 v000002458bf577a0_0;
    %cmpi/e 3, 0, 2;
    %flag_get/vec4 4;
    %jmp/0 T_2.4, 4;
    %load/vec4 v000002458c016410_0;
    %and;
T_2.4;
    %flag_set/vec4 8;
    %jmp/0xz  T_2.2, 8;
    %pushi/vec4 1, 0, 1;
    %assign/vec4 v000002458bf57840_0, 0;
T_2.2 ;
    %load/vec4 v000002458bf57660_0;
    %assign/vec4 v000002458bf577a0_0, 0;
T_2.1 ;
    %jmp T_2;
    .thread T_2;
    .scope S_000002458c01bca0;
T_3 ;
    %pushi/vec4 0, 0, 1;
    %store/vec4 v000002458bf518c0_0, 0, 1;
    %pushi/vec4 1, 0, 1;
    %store/vec4 v000002458bf51b40_0, 0, 1;
    %pushi/vec4 0, 0, 1;
    %store/vec4 v000002458bf51a00_0, 0, 1;
    %end;
    .thread T_3;
    .scope S_000002458c01bca0;
T_4 ;
    %delay 5000, 0;
    %load/vec4 v000002458bf518c0_0;
    %inv;
    %store/vec4 v000002458bf518c0_0, 0, 1;
    %jmp T_4;
    .thread T_4;
    .scope S_000002458c01bca0;
T_5 ;
    %vpi_call 2 21 "$dumpfile", "dump.vcd" {0 0 0};
    %vpi_call 2 22 "$dumpvars", 32'sb00000000000000000000000000000000, S_000002458c01bca0 {0 0 0};
    %pushi/vec4 3, 0, 32;
T_5.0 %dup/vec4;
    %pushi/vec4 0, 0, 32;
    %cmp/s;
    %jmp/1xz T_5.1, 5;
    %jmp/1 T_5.1, 4;
    %pushi/vec4 1, 0, 32;
    %sub;
    %wait E_000002458bf49ca0;
    %jmp T_5.0;
T_5.1 ;
    %pop/vec4 1;
    %pushi/vec4 0, 0, 1;
    %store/vec4 v000002458bf51b40_0, 0, 1;
    %pushi/vec4 1, 0, 1;
    %ix/load 4, 0, 0;
    %flag_set/imm 4, 0;
    %store/vec4 v000002458bf51be0_0, 4, 1;
    %pushi/vec4 1, 0, 1;
    %ix/load 4, 1, 0;
    %flag_set/imm 4, 0;
    %store/vec4 v000002458bf51be0_0, 4, 1;
    %pushi/vec4 0, 0, 1;
    %ix/load 4, 2, 0;
    %flag_set/imm 4, 0;
    %store/vec4 v000002458bf51be0_0, 4, 1;
    %pushi/vec4 1, 0, 1;
    %ix/load 4, 3, 0;
    %flag_set/imm 4, 0;
    %store/vec4 v000002458bf51be0_0, 4, 1;
    %pushi/vec4 1, 0, 1;
    %ix/load 4, 4, 0;
    %flag_set/imm 4, 0;
    %store/vec4 v000002458bf51be0_0, 4, 1;
    %pushi/vec4 0, 0, 1;
    %ix/load 4, 5, 0;
    %flag_set/imm 4, 0;
    %store/vec4 v000002458bf51be0_0, 4, 1;
    %pushi/vec4 1, 0, 1;
    %ix/load 4, 6, 0;
    %flag_set/imm 4, 0;
    %store/vec4 v000002458bf51be0_0, 4, 1;
    %pushi/vec4 1, 0, 1;
    %ix/load 4, 7, 0;
    %flag_set/imm 4, 0;
    %store/vec4 v000002458bf51be0_0, 4, 1;
    %pushi/vec4 1, 0, 1;
    %ix/load 4, 8, 0;
    %flag_set/imm 4, 0;
    %store/vec4 v000002458bf51be0_0, 4, 1;
    %pushi/vec4 0, 0, 1;
    %ix/load 4, 9, 0;
    %flag_set/imm 4, 0;
    %store/vec4 v000002458bf51be0_0, 4, 1;
    %pushi/vec4 1, 0, 1;
    %ix/load 4, 10, 0;
    %flag_set/imm 4, 0;
    %store/vec4 v000002458bf51be0_0, 4, 1;
    %pushi/vec4 0, 0, 32;
    %store/vec4 v000002458bf51960_0, 0, 32;
    %pushi/vec4 0, 0, 32;
    %store/vec4 v000002458bf51aa0_0, 0, 32;
T_5.2 ;
    %load/vec4 v000002458bf51aa0_0;
    %cmpi/s 10, 0, 32;
    %flag_or 5, 4;
    %jmp/0xz T_5.3, 5;
    %load/vec4 v000002458bf51be0_0;
    %load/vec4 v000002458bf51aa0_0;
    %part/s 1;
    %store/vec4 v000002458bf578e0_0, 0, 1;
    %fork TD_tb_seq_detect_mealy.send, S_000002458bf51730;
    %join;
    %load/vec4 v000002458bf51c80_0;
    %flag_set/vec4 8;
    %jmp/0xz  T_5.4, 8;
    %vpi_call 2 36 "$display", "%0t ns: DETECT at index %0d", $time, v000002458bf51aa0_0 {0 0 0};
    %load/vec4 v000002458bf51960_0;
    %addi 1, 0, 32;
    %store/vec4 v000002458bf51960_0, 0, 32;
T_5.4 ;
    %load/vec4 v000002458bf51aa0_0;
    %addi 1, 0, 32;
    %store/vec4 v000002458bf51aa0_0, 0, 32;
    %jmp T_5.2;
T_5.3 ;
    %pushi/vec4 10, 0, 32;
T_5.6 %dup/vec4;
    %pushi/vec4 0, 0, 32;
    %cmp/s;
    %jmp/1xz T_5.7, 5;
    %jmp/1 T_5.7, 4;
    %pushi/vec4 1, 0, 32;
    %sub;
    %vpi_func 2 43 "$random" 32 {0 0 0};
    %pushi/vec4 1, 0, 32;
    %and;
    %pad/s 1;
    %store/vec4 v000002458bf578e0_0, 0, 1;
    %fork TD_tb_seq_detect_mealy.send, S_000002458bf51730;
    %join;
    %load/vec4 v000002458bf51c80_0;
    %flag_set/vec4 8;
    %jmp/0xz  T_5.8, 8;
    %vpi_call 2 45 "$display", "%0t ns: DETECT (random)", $time {0 0 0};
    %load/vec4 v000002458bf51960_0;
    %addi 1, 0, 32;
    %store/vec4 v000002458bf51960_0, 0, 32;
T_5.8 ;
    %jmp T_5.6;
T_5.7 ;
    %pop/vec4 1;
    %vpi_call 2 50 "$display", "Total detects: %0d", v000002458bf51960_0 {0 0 0};
    %delay 20000, 0;
    %vpi_call 2 51 "$finish" {0 0 0};
    %end;
    .thread T_5;
# The file index is used to find the file name in the following table.
:file_names 4;
    "N/A";
    "<interactive>";
    "tb_seq_detect_mealy.v";
    "seq_detect_mealy.v";
