#! /c/Source/iverilog-install/bin/vvp
:ivl_version "12.0 (devel)" "(s20150603-1539-g2693dd32b)";
:ivl_delay_selection "TYPICAL";
:vpi_time_precision - 9;
:vpi_module "C:\iverilog\lib\ivl\system.vpi";
:vpi_module "C:\iverilog\lib\ivl\vhdl_sys.vpi";
:vpi_module "C:\iverilog\lib\ivl\vhdl_textio.vpi";
:vpi_module "C:\iverilog\lib\ivl\v2005_math.vpi";
:vpi_module "C:\iverilog\lib\ivl\va_math.vpi";
S_000002014b3d9760 .scope module, "equality4bit_tb" "equality4bit_tb" 2 2;
 .timescale -9 -9;
v000002014b495cd0_0 .var "a", 3 0;
v000002014b495d70_0 .var "b", 3 0;
v000002014b495e10_0 .net "eq", 0 0, L_000002014b495eb0;  1 drivers
S_000002014b495b40 .scope module, "uut" "equality4bit" 2 7, 3 1 0, S_000002014b3d9760;
 .timescale 0 0;
    .port_info 0 /INPUT 4 "A";
    .port_info 1 /INPUT 4 "B";
    .port_info 2 /OUTPUT 1 "eq";
v000002014b4634b0_0 .net "A", 3 0, v000002014b495cd0_0;  1 drivers
v000002014b3d98f0_0 .net "B", 3 0, v000002014b495d70_0;  1 drivers
v000002014b3d9990_0 .net "eq", 0 0, L_000002014b495eb0;  alias, 1 drivers
L_000002014b495eb0 .cmp/eq 4, v000002014b495cd0_0, v000002014b495d70_0;
    .scope S_000002014b3d9760;
T_0 ;
    %vpi_call 2 14 "$dumpfile", "equality4bit_waveform.vcd" {0 0 0};
    %vpi_call 2 15 "$dumpvars", 32'sb00000000000000000000000000000000, S_000002014b3d9760 {0 0 0};
    %pushi/vec4 0, 0, 4;
    %store/vec4 v000002014b495cd0_0, 0, 4;
    %pushi/vec4 0, 0, 4;
    %store/vec4 v000002014b495d70_0, 0, 4;
    %delay 10, 0;
    %pushi/vec4 2, 0, 4;
    %store/vec4 v000002014b495cd0_0, 0, 4;
    %pushi/vec4 2, 0, 4;
    %store/vec4 v000002014b495d70_0, 0, 4;
    %delay 10, 0;
    %pushi/vec4 9, 0, 4;
    %store/vec4 v000002014b495cd0_0, 0, 4;
    %pushi/vec4 0, 0, 4;
    %store/vec4 v000002014b495d70_0, 0, 4;
    %delay 10, 0;
    %pushi/vec4 1, 0, 4;
    %store/vec4 v000002014b495cd0_0, 0, 4;
    %pushi/vec4 8, 0, 4;
    %store/vec4 v000002014b495d70_0, 0, 4;
    %delay 10, 0;
    %pushi/vec4 15, 0, 4;
    %store/vec4 v000002014b495cd0_0, 0, 4;
    %pushi/vec4 15, 0, 4;
    %store/vec4 v000002014b495d70_0, 0, 4;
    %delay 10, 0;
    %vpi_call 2 28 "$finish" {0 0 0};
    %end;
    .thread T_0;
# The file index is used to find the file name in the following table.
:file_names 4;
    "N/A";
    "<interactive>";
    ".\equality-comparator-tb.v";
    ".\equality-comparator.v";
