#! /c/Source/iverilog-install/bin/vvp
:ivl_version "12.0 (devel)" "(s20150603-1539-g2693dd32b)";
:ivl_delay_selection "TYPICAL";
:vpi_time_precision - 12;
:vpi_module "C:\iverilog\lib\ivl\system.vpi";
:vpi_module "C:\iverilog\lib\ivl\vhdl_sys.vpi";
:vpi_module "C:\iverilog\lib\ivl\vhdl_textio.vpi";
:vpi_module "C:\iverilog\lib\ivl\v2005_math.vpi";
:vpi_module "C:\iverilog\lib\ivl\va_math.vpi";
S_0000020cc36beea0 .scope module, "tb_link_top" "tb_link_top" 2 3;
 .timescale -9 -12;
v0000020cc37309d0_0 .var "clk", 0 0;
v0000020cc3730430_0 .net "done", 0 0, v0000020cc36cd300_0;  1 drivers
v0000020cc3730a70_0 .var "rst", 0 0;
S_0000020cc36bf030 .scope module, "dut" "link_top" 2 6, 3 2 0, S_0000020cc36beea0;
 .timescale 0 0;
    .port_info 0 /INPUT 1 "clk";
    .port_info 1 /INPUT 1 "rst";
    .port_info 2 /OUTPUT 1 "done";
v0000020cc37301b0_0 .net "ack", 0 0, v0000020cc3606420_0;  1 drivers
v0000020cc3730bb0_0 .net "clk", 0 0, v0000020cc37309d0_0;  1 drivers
v0000020cc3730750_0 .net "data_bus", 7 0, v0000020cc36cd260_0;  1 drivers
v0000020cc37307f0_0 .net "done", 0 0, v0000020cc36cd300_0;  alias, 1 drivers
v0000020cc3730930_0 .net "req", 0 0, v0000020cc36cd4e0_0;  1 drivers
v0000020cc37302f0_0 .net "rst", 0 0, v0000020cc3730a70_0;  1 drivers
S_0000020cc36bf500 .scope module, "u_master" "master_fsm" 3 9, 4 4 0, S_0000020cc36bf030;
 .timescale 0 0;
    .port_info 0 /INPUT 1 "clk";
    .port_info 1 /INPUT 1 "rst";
    .port_info 2 /INPUT 1 "ack";
    .port_info 3 /OUTPUT 1 "req";
    .port_info 4 /OUTPUT 8 "data";
    .port_info 5 /OUTPUT 1 "done";
P_0000020cc36bf690 .param/l "DONE" 1 4 12, C4<101>;
P_0000020cc36bf6c8 .param/l "DROP_REQ" 1 4 12, C4<011>;
P_0000020cc36bf700 .param/l "IDLE" 1 4 12, C4<000>;
P_0000020cc36bf738 .param/l "REQ_H" 1 4 12, C4<001>;
P_0000020cc36bf770 .param/l "WAIT_ACK" 1 4 12, C4<010>;
P_0000020cc36bf7a8 .param/l "WAIT_ACK_LO" 1 4 12, C4<100>;
v0000020cc36bf7f0_0 .net "ack", 0 0, v0000020cc3606420_0;  alias, 1 drivers
v0000020cc36bc3b0_0 .net "clk", 0 0, v0000020cc37309d0_0;  alias, 1 drivers
v0000020cc36cd260_0 .var "data", 7 0;
v0000020cc36cd300_0 .var "done", 0 0;
v0000020cc36cd3a0_0 .var "idx", 1 0;
v0000020cc36cd440_0 .var "next_state", 2 0;
v0000020cc36cd4e0_0 .var "req", 0 0;
v0000020cc36cd580_0 .net "rst", 0 0, v0000020cc3730a70_0;  alias, 1 drivers
v0000020cc36cd620_0 .var "state", 2 0;
E_0000020cc36bc150 .event posedge, v0000020cc36bc3b0_0;
E_0000020cc36bc1d0 .event anyedge, v0000020cc36cd620_0, v0000020cc36bf7f0_0, v0000020cc36cd3a0_0;
S_0000020cc36d8390 .scope module, "u_slave" "slave_fsm" 3 10, 5 3 0, S_0000020cc36bf030;
 .timescale 0 0;
    .port_info 0 /INPUT 1 "clk";
    .port_info 1 /INPUT 1 "rst";
    .port_info 2 /INPUT 1 "req";
    .port_info 3 /INPUT 8 "data_in";
    .port_info 4 /OUTPUT 1 "ack";
    .port_info 5 /OUTPUT 8 "last_byte";
P_0000020cc36d8520 .param/l "AFTER_2" 1 5 13, C4<10>;
P_0000020cc36d8558 .param/l "ASSERT_ACK" 1 5 12, C4<01>;
P_0000020cc36d8590 .param/l "DROP_ACK" 1 5 14, C4<11>;
P_0000020cc36d85c8 .param/l "WAIT_REQ" 1 5 11, C4<00>;
v0000020cc3606420_0 .var "ack", 0 0;
v0000020cc36d8610_0 .net "clk", 0 0, v0000020cc37309d0_0;  alias, 1 drivers
v0000020cc36d86b0_0 .net "data_in", 7 0, v0000020cc36cd260_0;  alias, 1 drivers
v0000020cc36d8750_0 .var "hold_cnt", 1 0;
v0000020cc36c4480_0 .var "last_byte", 7 0;
v0000020cc3730890_0 .var "next_state", 1 0;
v0000020cc3730390_0 .net "req", 0 0, v0000020cc36cd4e0_0;  alias, 1 drivers
v0000020cc3730c50_0 .net "rst", 0 0, v0000020cc3730a70_0;  alias, 1 drivers
v0000020cc3730250_0 .var "state", 1 0;
E_0000020cc36bbed0 .event anyedge, v0000020cc3730250_0, v0000020cc36cd4e0_0, v0000020cc36d8750_0;
    .scope S_0000020cc36bf500;
T_0 ;
    %wait E_0000020cc36bc1d0;
    %load/vec4 v0000020cc36cd620_0;
    %store/vec4 v0000020cc36cd440_0, 0, 3;
    %load/vec4 v0000020cc36cd620_0;
    %dup/vec4;
    %pushi/vec4 0, 0, 3;
    %cmp/u;
    %jmp/1 T_0.0, 6;
    %dup/vec4;
    %pushi/vec4 1, 0, 3;
    %cmp/u;
    %jmp/1 T_0.1, 6;
    %dup/vec4;
    %pushi/vec4 2, 0, 3;
    %cmp/u;
    %jmp/1 T_0.2, 6;
    %dup/vec4;
    %pushi/vec4 3, 0, 3;
    %cmp/u;
    %jmp/1 T_0.3, 6;
    %dup/vec4;
    %pushi/vec4 4, 0, 3;
    %cmp/u;
    %jmp/1 T_0.4, 6;
    %dup/vec4;
    %pushi/vec4 5, 0, 3;
    %cmp/u;
    %jmp/1 T_0.5, 6;
    %pushi/vec4 0, 0, 3;
    %store/vec4 v0000020cc36cd440_0, 0, 3;
    %jmp T_0.7;
T_0.0 ;
    %pushi/vec4 1, 0, 3;
    %store/vec4 v0000020cc36cd440_0, 0, 3;
    %jmp T_0.7;
T_0.1 ;
    %load/vec4 v0000020cc36bf7f0_0;
    %flag_set/vec4 8;
    %jmp/0 T_0.8, 8;
    %pushi/vec4 2, 0, 3;
    %jmp/1 T_0.9, 8;
T_0.8 ; End of true expr.
    %pushi/vec4 1, 0, 3;
    %jmp/0 T_0.9, 8;
 ; End of false expr.
    %blend;
T_0.9;
    %store/vec4 v0000020cc36cd440_0, 0, 3;
    %jmp T_0.7;
T_0.2 ;
    %pushi/vec4 3, 0, 3;
    %store/vec4 v0000020cc36cd440_0, 0, 3;
    %jmp T_0.7;
T_0.3 ;
    %pushi/vec4 4, 0, 3;
    %store/vec4 v0000020cc36cd440_0, 0, 3;
    %jmp T_0.7;
T_0.4 ;
    %load/vec4 v0000020cc36bf7f0_0;
    %nor/r;
    %flag_set/vec4 8;
    %jmp/0xz  T_0.10, 8;
    %load/vec4 v0000020cc36cd3a0_0;
    %cmpi/e 3, 0, 2;
    %jmp/0xz  T_0.12, 4;
    %pushi/vec4 5, 0, 3;
    %store/vec4 v0000020cc36cd440_0, 0, 3;
    %jmp T_0.13;
T_0.12 ;
    %pushi/vec4 1, 0, 3;
    %store/vec4 v0000020cc36cd440_0, 0, 3;
T_0.13 ;
T_0.10 ;
    %jmp T_0.7;
T_0.5 ;
    %pushi/vec4 5, 0, 3;
    %store/vec4 v0000020cc36cd440_0, 0, 3;
    %jmp T_0.7;
T_0.7 ;
    %pop/vec4 1;
    %jmp T_0;
    .thread T_0, $push;
    .scope S_0000020cc36bf500;
T_1 ;
    %wait E_0000020cc36bc150;
    %load/vec4 v0000020cc36cd580_0;
    %flag_set/vec4 8;
    %jmp/0xz  T_1.0, 8;
    %pushi/vec4 0, 0, 3;
    %assign/vec4 v0000020cc36cd620_0, 0;
    %pushi/vec4 0, 0, 2;
    %assign/vec4 v0000020cc36cd3a0_0, 0;
    %pushi/vec4 0, 0, 1;
    %assign/vec4 v0000020cc36cd4e0_0, 0;
    %pushi/vec4 160, 0, 8;
    %assign/vec4 v0000020cc36cd260_0, 0;
    %pushi/vec4 0, 0, 1;
    %assign/vec4 v0000020cc36cd300_0, 0;
    %jmp T_1.1;
T_1.0 ;
    %pushi/vec4 0, 0, 1;
    %assign/vec4 v0000020cc36cd300_0, 0;
    %load/vec4 v0000020cc36cd440_0;
    %assign/vec4 v0000020cc36cd620_0, 0;
    %load/vec4 v0000020cc36cd620_0;
    %dup/vec4;
    %pushi/vec4 0, 0, 3;
    %cmp/u;
    %jmp/1 T_1.2, 6;
    %dup/vec4;
    %pushi/vec4 1, 0, 3;
    %cmp/u;
    %jmp/1 T_1.3, 6;
    %dup/vec4;
    %pushi/vec4 2, 0, 3;
    %cmp/u;
    %jmp/1 T_1.4, 6;
    %dup/vec4;
    %pushi/vec4 3, 0, 3;
    %cmp/u;
    %jmp/1 T_1.5, 6;
    %dup/vec4;
    %pushi/vec4 4, 0, 3;
    %cmp/u;
    %jmp/1 T_1.6, 6;
    %dup/vec4;
    %pushi/vec4 5, 0, 3;
    %cmp/u;
    %jmp/1 T_1.7, 6;
    %jmp T_1.8;
T_1.2 ;
    %pushi/vec4 0, 0, 2;
    %assign/vec4 v0000020cc36cd3a0_0, 0;
    %pushi/vec4 160, 0, 8;
    %assign/vec4 v0000020cc36cd260_0, 0;
    %pushi/vec4 0, 0, 1;
    %assign/vec4 v0000020cc36cd4e0_0, 0;
    %jmp T_1.8;
T_1.3 ;
    %pushi/vec4 1, 0, 1;
    %assign/vec4 v0000020cc36cd4e0_0, 0;
    %jmp T_1.8;
T_1.4 ;
    %pushi/vec4 1, 0, 1;
    %assign/vec4 v0000020cc36cd4e0_0, 0;
    %jmp T_1.8;
T_1.5 ;
    %pushi/vec4 0, 0, 1;
    %assign/vec4 v0000020cc36cd4e0_0, 0;
    %jmp T_1.8;
T_1.6 ;
    %load/vec4 v0000020cc36bf7f0_0;
    %nor/r;
    %flag_set/vec4 8;
    %jmp/0xz  T_1.9, 8;
    %load/vec4 v0000020cc36cd3a0_0;
    %cmpi/ne 3, 0, 2;
    %jmp/0xz  T_1.11, 4;
    %load/vec4 v0000020cc36cd3a0_0;
    %addi 1, 0, 2;
    %assign/vec4 v0000020cc36cd3a0_0, 0;
    %pushi/vec4 160, 0, 8;
    %pushi/vec4 0, 0, 6;
    %load/vec4 v0000020cc36cd3a0_0;
    %concat/vec4; draw_concat_vec4
    %add;
    %addi 1, 0, 8;
    %assign/vec4 v0000020cc36cd260_0, 0;
T_1.11 ;
T_1.9 ;
    %jmp T_1.8;
T_1.7 ;
    %pushi/vec4 1, 0, 1;
    %assign/vec4 v0000020cc36cd300_0, 0;
    %pushi/vec4 0, 0, 1;
    %assign/vec4 v0000020cc36cd4e0_0, 0;
    %jmp T_1.8;
T_1.8 ;
    %pop/vec4 1;
T_1.1 ;
    %jmp T_1;
    .thread T_1;
    .scope S_0000020cc36d8390;
T_2 ;
    %wait E_0000020cc36bbed0;
    %load/vec4 v0000020cc3730250_0;
    %store/vec4 v0000020cc3730890_0, 0, 2;
    %load/vec4 v0000020cc3730250_0;
    %dup/vec4;
    %pushi/vec4 0, 0, 2;
    %cmp/u;
    %jmp/1 T_2.0, 6;
    %dup/vec4;
    %pushi/vec4 1, 0, 2;
    %cmp/u;
    %jmp/1 T_2.1, 6;
    %dup/vec4;
    %pushi/vec4 2, 0, 2;
    %cmp/u;
    %jmp/1 T_2.2, 6;
    %dup/vec4;
    %pushi/vec4 3, 0, 2;
    %cmp/u;
    %jmp/1 T_2.3, 6;
    %pushi/vec4 0, 0, 2;
    %store/vec4 v0000020cc3730890_0, 0, 2;
    %jmp T_2.5;
T_2.0 ;
    %load/vec4 v0000020cc3730390_0;
    %flag_set/vec4 8;
    %jmp/0xz  T_2.6, 8;
    %pushi/vec4 1, 0, 2;
    %store/vec4 v0000020cc3730890_0, 0, 2;
T_2.6 ;
    %jmp T_2.5;
T_2.1 ;
    %load/vec4 v0000020cc36d8750_0;
    %cmpi/e 1, 0, 2;
    %jmp/0xz  T_2.8, 4;
    %pushi/vec4 2, 0, 2;
    %store/vec4 v0000020cc3730890_0, 0, 2;
T_2.8 ;
    %jmp T_2.5;
T_2.2 ;
    %load/vec4 v0000020cc3730390_0;
    %nor/r;
    %flag_set/vec4 8;
    %jmp/0xz  T_2.10, 8;
    %pushi/vec4 3, 0, 2;
    %store/vec4 v0000020cc3730890_0, 0, 2;
T_2.10 ;
    %jmp T_2.5;
T_2.3 ;
    %pushi/vec4 0, 0, 2;
    %store/vec4 v0000020cc3730890_0, 0, 2;
    %jmp T_2.5;
T_2.5 ;
    %pop/vec4 1;
    %jmp T_2;
    .thread T_2, $push;
    .scope S_0000020cc36d8390;
T_3 ;
    %wait E_0000020cc36bc150;
    %load/vec4 v0000020cc3730c50_0;
    %flag_set/vec4 8;
    %jmp/0xz  T_3.0, 8;
    %pushi/vec4 0, 0, 2;
    %assign/vec4 v0000020cc3730250_0, 0;
    %pushi/vec4 0, 0, 2;
    %assign/vec4 v0000020cc36d8750_0, 0;
    %pushi/vec4 0, 0, 1;
    %assign/vec4 v0000020cc3606420_0, 0;
    %pushi/vec4 0, 0, 8;
    %assign/vec4 v0000020cc36c4480_0, 0;
    %jmp T_3.1;
T_3.0 ;
    %load/vec4 v0000020cc3730890_0;
    %assign/vec4 v0000020cc3730250_0, 0;
    %load/vec4 v0000020cc3730250_0;
    %dup/vec4;
    %pushi/vec4 0, 0, 2;
    %cmp/u;
    %jmp/1 T_3.2, 6;
    %dup/vec4;
    %pushi/vec4 1, 0, 2;
    %cmp/u;
    %jmp/1 T_3.3, 6;
    %dup/vec4;
    %pushi/vec4 2, 0, 2;
    %cmp/u;
    %jmp/1 T_3.4, 6;
    %dup/vec4;
    %pushi/vec4 3, 0, 2;
    %cmp/u;
    %jmp/1 T_3.5, 6;
    %jmp T_3.6;
T_3.2 ;
    %pushi/vec4 0, 0, 1;
    %assign/vec4 v0000020cc3606420_0, 0;
    %pushi/vec4 0, 0, 2;
    %assign/vec4 v0000020cc36d8750_0, 0;
    %load/vec4 v0000020cc3730390_0;
    %flag_set/vec4 8;
    %jmp/0xz  T_3.7, 8;
    %load/vec4 v0000020cc36d86b0_0;
    %assign/vec4 v0000020cc36c4480_0, 0;
T_3.7 ;
    %jmp T_3.6;
T_3.3 ;
    %pushi/vec4 1, 0, 1;
    %assign/vec4 v0000020cc3606420_0, 0;
    %load/vec4 v0000020cc36d8750_0;
    %addi 1, 0, 2;
    %assign/vec4 v0000020cc36d8750_0, 0;
    %jmp T_3.6;
T_3.4 ;
    %pushi/vec4 1, 0, 1;
    %assign/vec4 v0000020cc3606420_0, 0;
    %jmp T_3.6;
T_3.5 ;
    %pushi/vec4 0, 0, 1;
    %assign/vec4 v0000020cc3606420_0, 0;
    %jmp T_3.6;
T_3.6 ;
    %pop/vec4 1;
T_3.1 ;
    %jmp T_3;
    .thread T_3;
    .scope S_0000020cc36beea0;
T_4 ;
    %pushi/vec4 0, 0, 1;
    %store/vec4 v0000020cc37309d0_0, 0, 1;
    %pushi/vec4 1, 0, 1;
    %store/vec4 v0000020cc3730a70_0, 0, 1;
    %end;
    .thread T_4;
    .scope S_0000020cc36beea0;
T_5 ;
    %delay 5000, 0;
    %load/vec4 v0000020cc37309d0_0;
    %inv;
    %store/vec4 v0000020cc37309d0_0, 0, 1;
    %jmp T_5;
    .thread T_5;
    .scope S_0000020cc36beea0;
T_6 ;
    %vpi_call 2 11 "$dumpfile", "dump.vcd" {0 0 0};
    %vpi_call 2 12 "$dumpvars", 32'sb00000000000000000000000000000000, S_0000020cc36beea0 {0 0 0};
    %pushi/vec4 3, 0, 32;
T_6.0 %dup/vec4;
    %pushi/vec4 0, 0, 32;
    %cmp/s;
    %jmp/1xz T_6.1, 5;
    %jmp/1 T_6.1, 4;
    %pushi/vec4 1, 0, 32;
    %sub;
    %wait E_0000020cc36bc150;
    %jmp T_6.0;
T_6.1 ;
    %pop/vec4 1;
    %pushi/vec4 0, 0, 1;
    %store/vec4 v0000020cc3730a70_0, 0, 1;
    %vpi_call 2 17 "$display", "time  req ack data   done" {0 0 0};
T_6.2 ;
    %wait E_0000020cc36bc150;
    %vpi_call 2 20 "$display", "%0t  %0b   %0b   0x%0h   %0b", $time, v0000020cc36cd4e0_0, v0000020cc3606420_0, v0000020cc36cd260_0, v0000020cc3730430_0 {0 0 0};
    %load/vec4 v0000020cc3730430_0;
    %flag_set/vec4 8;
    %jmp/0xz  T_6.3, 8;
    %pushi/vec4 2, 0, 32;
T_6.5 %dup/vec4;
    %pushi/vec4 0, 0, 32;
    %cmp/s;
    %jmp/1xz T_6.6, 5;
    %jmp/1 T_6.6, 4;
    %pushi/vec4 1, 0, 32;
    %sub;
    %wait E_0000020cc36bc150;
    %jmp T_6.5;
T_6.6 ;
    %pop/vec4 1;
    %vpi_call 2 25 "$finish" {0 0 0};
T_6.3 ;
    %jmp T_6.2;
    %end;
    .thread T_6;
# The file index is used to find the file name in the following table.
:file_names 6;
    "N/A";
    "<interactive>";
    "tb_link_top.v";
    "link_top.v";
    "master_fsm.v";
    "slave_fsm.v";
