#! /c/Source/iverilog-install/bin/vvp
:ivl_version "12.0 (devel)" "(s20150603-1539-g2693dd32b)";
:ivl_delay_selection "TYPICAL";
:vpi_time_precision - 12;
:vpi_module "C:\iverilog\lib\ivl\system.vpi";
:vpi_module "C:\iverilog\lib\ivl\vhdl_sys.vpi";
:vpi_module "C:\iverilog\lib\ivl\vhdl_textio.vpi";
:vpi_module "C:\iverilog\lib\ivl\v2005_math.vpi";
:vpi_module "C:\iverilog\lib\ivl\va_math.vpi";
S_000001e237a9be00 .scope module, "tb_traffic_light" "tb_traffic_light" 2 3;
 .timescale -9 -12;
v000001e237ae3670_0 .var "clk", 0 0;
v000001e237ae3a30_0 .var/i "cyc", 31 0;
v000001e237ae2f90_0 .net "ew_g", 0 0, v000001e237ae2680_0;  1 drivers
v000001e237ae3850_0 .net "ew_r", 0 0, v000001e237ae2720_0;  1 drivers
v000001e237ae3530_0 .net "ew_y", 0 0, v000001e237ae27c0_0;  1 drivers
v000001e237ae3990_0 .net "ns_g", 0 0, v000001e237ae2900_0;  1 drivers
v000001e237ae33f0_0 .net "ns_r", 0 0, v000001e237ae29a0_0;  1 drivers
v000001e237ae3490_0 .net "ns_y", 0 0, v000001e237ae2a40_0;  1 drivers
v000001e237ae35d0_0 .var "rst", 0 0;
v000001e237ae3710_0 .var "tick", 0 0;
S_000001e237aef3b0 .scope module, "dut" "traffic_light" 2 6, 3 1 0, S_000001e237a9be00;
 .timescale 0 0;
    .port_info 0 /INPUT 1 "clk";
    .port_info 1 /INPUT 1 "rst";
    .port_info 2 /INPUT 1 "tick";
    .port_info 3 /OUTPUT 1 "ns_g";
    .port_info 4 /OUTPUT 1 "ns_y";
    .port_info 5 /OUTPUT 1 "ns_r";
    .port_info 6 /OUTPUT 1 "ew_g";
    .port_info 7 /OUTPUT 1 "ew_y";
    .port_info 8 /OUTPUT 1 "ew_r";
P_000001e237aef540 .param/l "EW_G" 1 3 10, C4<10>;
P_000001e237aef578 .param/l "EW_Y" 1 3 11, C4<11>;
P_000001e237aef5b0 .param/l "NS_G" 1 3 8, C4<00>;
P_000001e237aef5e8 .param/l "NS_Y" 1 3 9, C4<01>;
P_000001e237aef620 .param/l "T_EW_G" 1 3 16, +C4<00000000000000000000000000000101>;
P_000001e237aef658 .param/l "T_EW_Y" 1 3 17, +C4<00000000000000000000000000000010>;
P_000001e237aef690 .param/l "T_NS_G" 1 3 14, +C4<00000000000000000000000000000101>;
P_000001e237aef6c8 .param/l "T_NS_Y" 1 3 15, +C4<00000000000000000000000000000010>;
v000001e237a96010_0 .net "clk", 0 0, v000001e237ae3670_0;  1 drivers
v000001e237ae2680_0 .var "ew_g", 0 0;
v000001e237ae2720_0 .var "ew_r", 0 0;
v000001e237ae27c0_0 .var "ew_y", 0 0;
v000001e237ae2860_0 .var "next_state", 1 0;
v000001e237ae2900_0 .var "ns_g", 0 0;
v000001e237ae29a0_0 .var "ns_r", 0 0;
v000001e237ae2a40_0 .var "ns_y", 0 0;
v000001e237ae2ae0_0 .net "rst", 0 0, v000001e237ae35d0_0;  1 drivers
v000001e237ae2b80_0 .var "state", 1 0;
v000001e237ae2c20_0 .net "tick", 0 0, v000001e237ae3710_0;  1 drivers
v000001e237ae2ef0_0 .var "tick_cnt", 3 0;
E_000001e237ad8f10 .event anyedge, v000001e237ae2b80_0;
E_000001e237ad9150 .event posedge, v000001e237a96010_0;
E_000001e237ad9510 .event anyedge, v000001e237ae2b80_0, v000001e237ae2c20_0, v000001e237ae2ef0_0;
    .scope S_000001e237aef3b0;
T_0 ;
    %wait E_000001e237ad9510;
    %load/vec4 v000001e237ae2b80_0;
    %store/vec4 v000001e237ae2860_0, 0, 2;
    %load/vec4 v000001e237ae2b80_0;
    %dup/vec4;
    %pushi/vec4 0, 0, 2;
    %cmp/u;
    %jmp/1 T_0.0, 6;
    %dup/vec4;
    %pushi/vec4 1, 0, 2;
    %cmp/u;
    %jmp/1 T_0.1, 6;
    %dup/vec4;
    %pushi/vec4 2, 0, 2;
    %cmp/u;
    %jmp/1 T_0.2, 6;
    %dup/vec4;
    %pushi/vec4 3, 0, 2;
    %cmp/u;
    %jmp/1 T_0.3, 6;
    %pushi/vec4 0, 0, 2;
    %store/vec4 v000001e237ae2860_0, 0, 2;
    %jmp T_0.5;
T_0.0 ;
    %load/vec4 v000001e237ae2c20_0;
    %flag_set/vec4 9;
    %flag_get/vec4 9;
    %jmp/0 T_0.8, 9;
    %load/vec4 v000001e237ae2ef0_0;
    %pad/u 32;
    %pushi/vec4 4, 0, 32;
    %cmp/e;
    %flag_get/vec4 4;
    %and;
T_0.8;
    %flag_set/vec4 8;
    %jmp/0xz  T_0.6, 8;
    %pushi/vec4 1, 0, 2;
    %store/vec4 v000001e237ae2860_0, 0, 2;
T_0.6 ;
    %jmp T_0.5;
T_0.1 ;
    %load/vec4 v000001e237ae2c20_0;
    %flag_set/vec4 9;
    %flag_get/vec4 9;
    %jmp/0 T_0.11, 9;
    %load/vec4 v000001e237ae2ef0_0;
    %pad/u 32;
    %pushi/vec4 1, 0, 32;
    %cmp/e;
    %flag_get/vec4 4;
    %and;
T_0.11;
    %flag_set/vec4 8;
    %jmp/0xz  T_0.9, 8;
    %pushi/vec4 2, 0, 2;
    %store/vec4 v000001e237ae2860_0, 0, 2;
T_0.9 ;
    %jmp T_0.5;
T_0.2 ;
    %load/vec4 v000001e237ae2c20_0;
    %flag_set/vec4 9;
    %flag_get/vec4 9;
    %jmp/0 T_0.14, 9;
    %load/vec4 v000001e237ae2ef0_0;
    %pad/u 32;
    %pushi/vec4 4, 0, 32;
    %cmp/e;
    %flag_get/vec4 4;
    %and;
T_0.14;
    %flag_set/vec4 8;
    %jmp/0xz  T_0.12, 8;
    %pushi/vec4 3, 0, 2;
    %store/vec4 v000001e237ae2860_0, 0, 2;
T_0.12 ;
    %jmp T_0.5;
T_0.3 ;
    %load/vec4 v000001e237ae2c20_0;
    %flag_set/vec4 9;
    %flag_get/vec4 9;
    %jmp/0 T_0.17, 9;
    %load/vec4 v000001e237ae2ef0_0;
    %pad/u 32;
    %pushi/vec4 1, 0, 32;
    %cmp/e;
    %flag_get/vec4 4;
    %and;
T_0.17;
    %flag_set/vec4 8;
    %jmp/0xz  T_0.15, 8;
    %pushi/vec4 0, 0, 2;
    %store/vec4 v000001e237ae2860_0, 0, 2;
T_0.15 ;
    %jmp T_0.5;
T_0.5 ;
    %pop/vec4 1;
    %jmp T_0;
    .thread T_0, $push;
    .scope S_000001e237aef3b0;
T_1 ;
    %wait E_000001e237ad9150;
    %load/vec4 v000001e237ae2ae0_0;
    %flag_set/vec4 8;
    %jmp/0xz  T_1.0, 8;
    %pushi/vec4 0, 0, 2;
    %assign/vec4 v000001e237ae2b80_0, 0;
    %pushi/vec4 0, 0, 4;
    %assign/vec4 v000001e237ae2ef0_0, 0;
    %jmp T_1.1;
T_1.0 ;
    %load/vec4 v000001e237ae2c20_0;
    %flag_set/vec4 8;
    %jmp/0xz  T_1.2, 8;
    %load/vec4 v000001e237ae2b80_0;
    %cmpi/e 0, 0, 2;
    %flag_get/vec4 4;
    %jmp/0 T_1.9, 4;
    %load/vec4 v000001e237ae2ef0_0;
    %pad/u 32;
    %pushi/vec4 4, 0, 32;
    %cmp/e;
    %flag_get/vec4 4;
    %and;
T_1.9;
    %flag_set/vec4 8;
    %jmp/1 T_1.8, 8;
    %load/vec4 v000001e237ae2b80_0;
    %cmpi/e 1, 0, 2;
    %flag_get/vec4 4;
    %jmp/0 T_1.10, 4;
    %load/vec4 v000001e237ae2ef0_0;
    %pad/u 32;
    %pushi/vec4 1, 0, 32;
    %cmp/e;
    %flag_get/vec4 4;
    %and;
T_1.10;
    %flag_set/vec4 9;
    %flag_or 8, 9;
T_1.8;
    %jmp/1 T_1.7, 8;
    %load/vec4 v000001e237ae2b80_0;
    %cmpi/e 2, 0, 2;
    %flag_get/vec4 4;
    %jmp/0 T_1.11, 4;
    %load/vec4 v000001e237ae2ef0_0;
    %pad/u 32;
    %pushi/vec4 4, 0, 32;
    %cmp/e;
    %flag_get/vec4 4;
    %and;
T_1.11;
    %flag_set/vec4 9;
    %flag_or 8, 9;
T_1.7;
    %jmp/1 T_1.6, 8;
    %load/vec4 v000001e237ae2b80_0;
    %cmpi/e 3, 0, 2;
    %flag_get/vec4 4;
    %jmp/0 T_1.12, 4;
    %load/vec4 v000001e237ae2ef0_0;
    %pad/u 32;
    %pushi/vec4 1, 0, 32;
    %cmp/e;
    %flag_get/vec4 4;
    %and;
T_1.12;
    %flag_set/vec4 9;
    %flag_or 8, 9;
T_1.6;
    %jmp/0xz  T_1.4, 8;
    %pushi/vec4 0, 0, 4;
    %assign/vec4 v000001e237ae2ef0_0, 0;
    %jmp T_1.5;
T_1.4 ;
    %load/vec4 v000001e237ae2ef0_0;
    %addi 1, 0, 4;
    %assign/vec4 v000001e237ae2ef0_0, 0;
T_1.5 ;
T_1.2 ;
    %load/vec4 v000001e237ae2860_0;
    %assign/vec4 v000001e237ae2b80_0, 0;
T_1.1 ;
    %jmp T_1;
    .thread T_1;
    .scope S_000001e237aef3b0;
T_2 ;
    %wait E_000001e237ad8f10;
    %pushi/vec4 0, 0, 1;
    %store/vec4 v000001e237ae2900_0, 0, 1;
    %pushi/vec4 0, 0, 1;
    %store/vec4 v000001e237ae2a40_0, 0, 1;
    %pushi/vec4 0, 0, 1;
    %store/vec4 v000001e237ae29a0_0, 0, 1;
    %pushi/vec4 0, 0, 1;
    %store/vec4 v000001e237ae2680_0, 0, 1;
    %pushi/vec4 0, 0, 1;
    %store/vec4 v000001e237ae27c0_0, 0, 1;
    %pushi/vec4 0, 0, 1;
    %store/vec4 v000001e237ae2720_0, 0, 1;
    %load/vec4 v000001e237ae2b80_0;
    %dup/vec4;
    %pushi/vec4 0, 0, 2;
    %cmp/u;
    %jmp/1 T_2.0, 6;
    %dup/vec4;
    %pushi/vec4 1, 0, 2;
    %cmp/u;
    %jmp/1 T_2.1, 6;
    %dup/vec4;
    %pushi/vec4 2, 0, 2;
    %cmp/u;
    %jmp/1 T_2.2, 6;
    %dup/vec4;
    %pushi/vec4 3, 0, 2;
    %cmp/u;
    %jmp/1 T_2.3, 6;
    %pushi/vec4 1, 0, 1;
    %store/vec4 v000001e237ae29a0_0, 0, 1;
    %pushi/vec4 1, 0, 1;
    %store/vec4 v000001e237ae2720_0, 0, 1;
    %jmp T_2.5;
T_2.0 ;
    %pushi/vec4 1, 0, 1;
    %store/vec4 v000001e237ae2900_0, 0, 1;
    %pushi/vec4 1, 0, 1;
    %store/vec4 v000001e237ae2720_0, 0, 1;
    %jmp T_2.5;
T_2.1 ;
    %pushi/vec4 1, 0, 1;
    %store/vec4 v000001e237ae2a40_0, 0, 1;
    %pushi/vec4 1, 0, 1;
    %store/vec4 v000001e237ae2720_0, 0, 1;
    %jmp T_2.5;
T_2.2 ;
    %pushi/vec4 1, 0, 1;
    %store/vec4 v000001e237ae2680_0, 0, 1;
    %pushi/vec4 1, 0, 1;
    %store/vec4 v000001e237ae29a0_0, 0, 1;
    %jmp T_2.5;
T_2.3 ;
    %pushi/vec4 1, 0, 1;
    %store/vec4 v000001e237ae27c0_0, 0, 1;
    %pushi/vec4 1, 0, 1;
    %store/vec4 v000001e237ae29a0_0, 0, 1;
    %jmp T_2.5;
T_2.5 ;
    %pop/vec4 1;
    %jmp T_2;
    .thread T_2, $push;
    .scope S_000001e237a9be00;
T_3 ;
    %pushi/vec4 0, 0, 1;
    %store/vec4 v000001e237ae3670_0, 0, 1;
    %pushi/vec4 1, 0, 1;
    %store/vec4 v000001e237ae35d0_0, 0, 1;
    %pushi/vec4 0, 0, 1;
    %store/vec4 v000001e237ae3710_0, 0, 1;
    %pushi/vec4 0, 0, 32;
    %store/vec4 v000001e237ae3a30_0, 0, 32;
    %end;
    .thread T_3;
    .scope S_000001e237a9be00;
T_4 ;
    %delay 5000, 0;
    %load/vec4 v000001e237ae3670_0;
    %inv;
    %store/vec4 v000001e237ae3670_0, 0, 1;
    %jmp T_4;
    .thread T_4;
    .scope S_000001e237a9be00;
T_5 ;
    %wait E_000001e237ad9150;
    %load/vec4 v000001e237ae3a30_0;
    %addi 1, 0, 32;
    %assign/vec4 v000001e237ae3a30_0, 0;
    %load/vec4 v000001e237ae3a30_0;
    %pushi/vec4 10, 0, 32;
    %mod/s;
    %pushi/vec4 0, 0, 32;
    %cmp/e;
    %flag_get/vec4 4;
    %assign/vec4 v000001e237ae3710_0, 0;
    %load/vec4 v000001e237ae3710_0;
    %flag_set/vec4 8;
    %jmp/0xz  T_5.0, 8;
    %vpi_call 2 21 "$display", "%0t ns TICK | NS[gyr]=%0d%0d%0d EW[gyr]=%0d%0d%0d", $time, v000001e237ae3990_0, v000001e237ae3490_0, v000001e237ae33f0_0, v000001e237ae2f90_0, v000001e237ae3530_0, v000001e237ae3850_0 {0 0 0};
T_5.0 ;
    %jmp T_5;
    .thread T_5;
    .scope S_000001e237a9be00;
T_6 ;
    %vpi_call 2 27 "$dumpfile", "dump.vcd" {0 0 0};
    %vpi_call 2 28 "$dumpvars", 32'sb00000000000000000000000000000000, S_000001e237a9be00 {0 0 0};
    %pushi/vec4 3, 0, 32;
T_6.0 %dup/vec4;
    %pushi/vec4 0, 0, 32;
    %cmp/s;
    %jmp/1xz T_6.1, 5;
    %jmp/1 T_6.1, 4;
    %pushi/vec4 1, 0, 32;
    %sub;
    %wait E_000001e237ad9150;
    %jmp T_6.0;
T_6.1 ;
    %pop/vec4 1;
    %pushi/vec4 0, 0, 1;
    %store/vec4 v000001e237ae35d0_0, 0, 1;
    %pushi/vec4 320, 0, 32;
T_6.2 %dup/vec4;
    %pushi/vec4 0, 0, 32;
    %cmp/s;
    %jmp/1xz T_6.3, 5;
    %jmp/1 T_6.3, 4;
    %pushi/vec4 1, 0, 32;
    %sub;
    %wait E_000001e237ad9150;
    %jmp T_6.2;
T_6.3 ;
    %pop/vec4 1;
    %vpi_call 2 35 "$finish" {0 0 0};
    %end;
    .thread T_6;
# The file index is used to find the file name in the following table.
:file_names 4;
    "N/A";
    "<interactive>";
    "tb_traffic_light.v";
    "traffic_light.v";
